This file contains any messages produced by compilers while
running configure, to aid debugging if configure makes a mistake.

It was created by RtAudio configure 4.1, which was
generated by GNU Autoconf 2.69.  Invocation command line was

  $ ./configure 

## --------- ##
## Platform. ##
## --------- ##

hostname = wificampus-035124.grenet.fr
uname -m = arm64
uname -r = 21.5.0
uname -s = Darwin
uname -v = Darwin Kernel Version 21.5.0: Tue Apr 26 21:08:29 PDT 2022; root:xnu-8020.121.3~4/RELEASE_ARM64_T8101

/usr/bin/uname -p = arm
/bin/uname -X     = unknown

/bin/arch              = unknown
/usr/bin/arch -k       = unknown
/usr/convex/getsysinfo = unknown
/usr/bin/hostinfo      = Mach kernel version:
	 Darwin Kernel Version 21.5.0: Tue Apr 26 21:08:29 PDT 2022; root:xnu-8020.121.3~4/RELEASE_ARM64_T8101
Kernel configured for up to 8 processors.
8 processors are physically available.
8 processors are logically available.
Processor type: arm64e (ARM64E)
Processors active: 0 1 2 3 4 5 6 7
Primary memory available: 8.00 gigabytes
Default processor set: 310 tasks, 2418 threads, 8 processors
Load average: 1.48, Mach factor: 6.51
/bin/machine           = unknown
/usr/bin/oslevel       = unknown
/bin/universe          = unknown

PATH: /usr/local/opt/openjdk/bin
PATH: /usr/local/opt/openjdk/bin
PATH: /Users/briceconvers/.nvm/versions/node/v19.9.0/bin
PATH: /Users/briceconvers/.yarn/bin
PATH: /Users/briceconvers/.config/yarn/global/node_modules/.bin
PATH: /Users/briceconvers/opt/anaconda3/bin
PATH: /Library/Frameworks/Python.framework/Versions/3.11/bin
PATH: /usr/local/bin
PATH: /usr/bin
PATH: /bin
PATH: /usr/sbin
PATH: /sbin
PATH: /usr/local/go/bin
PATH: /usr/local/share/dotnet
PATH: ~/.dotnet/tools
PATH: /Library/Apple/usr/bin
PATH: /Library/Frameworks/Mono.framework/Versions/Current/Commands
PATH: /usr/local/opt/openjdk/bin
PATH: /Users/briceconvers/.nvm/versions/node/v19.9.0/bin
PATH: /Users/briceconvers/.yarn/bin
PATH: /Users/briceconvers/.config/yarn/global/node_modules/.bin
PATH: /Users/briceconvers/opt/anaconda3/bin
PATH: /Library/Frameworks/Python.framework/Versions/3.11/bin
PATH: /Users/briceconvers/.local/bin
PATH: /Users/briceconvers/.local/bin
PATH: /Users/briceconvers/.local/bin


## ----------- ##
## Core tests. ##
## ----------- ##

configure:2223: checking pkg-config
configure:2225: result: no
configure:2289: checking for g++
configure:2305: found /usr/bin/g++
configure:2316: result: g++
configure:2343: checking for C++ compiler version
configure:2352: g++ --version >&5
Apple clang version 14.0.0 (clang-1400.0.29.202)
Target: arm64-apple-darwin21.5.0
Thread model: posix
InstalledDir: /Library/Developer/CommandLineTools/usr/bin
configure:2363: $? = 0
configure:2352: g++ -v >&5
Apple clang version 14.0.0 (clang-1400.0.29.202)
Target: arm64-apple-darwin21.5.0
Thread model: posix
InstalledDir: /Library/Developer/CommandLineTools/usr/bin
configure:2363: $? = 0
configure:2352: g++ -V >&5
clang: error: argument to '-V' is missing (expected 1 value)
clang: error: no input files
configure:2363: $? = 1
configure:2352: g++ -qversion >&5
clang: error: unknown argument '-qversion'; did you mean '--version'?
clang: error: no input files
configure:2363: $? = 1
configure:2383: checking whether the C++ compiler works
configure:2405: g++    conftest.cpp  >&5
configure:2409: $? = 0
configure:2457: result: yes
configure:2460: checking for C++ compiler default output file name
configure:2462: result: a.out
configure:2468: checking for suffix of executables
configure:2475: g++ -o conftest    conftest.cpp  >&5
configure:2479: $? = 0
configure:2501: result: 
configure:2523: checking whether we are cross compiling
configure:2531: g++ -o conftest    conftest.cpp  >&5
configure:2535: $? = 0
configure:2542: ./conftest
configure:2546: $? = 0
configure:2561: result: no
configure:2566: checking for suffix of object files
configure:2588: g++ -c   conftest.cpp >&5
configure:2592: $? = 0
configure:2613: result: o
configure:2617: checking whether we are using the GNU C++ compiler
configure:2636: g++ -c   conftest.cpp >&5
configure:2636: $? = 0
configure:2645: result: yes
configure:2654: checking whether g++ accepts -g
configure:2674: g++ -c -g  conftest.cpp >&5
configure:2674: $? = 0
configure:2715: result: yes
configure:2781: checking for ranlib
configure:2797: found /usr/bin/ranlib
configure:2808: result: ranlib
configure:2832: checking for ar
configure:2850: found /usr/bin/ar
configure:2863: result: /usr/bin/ar
configure:2924: checking for gcc
configure:2940: found /usr/bin/gcc
configure:2951: result: gcc
configure:3180: checking for C compiler version
configure:3189: gcc --version >&5
Apple clang version 14.0.0 (clang-1400.0.29.202)
Target: arm64-apple-darwin21.5.0
Thread model: posix
InstalledDir: /Library/Developer/CommandLineTools/usr/bin
configure:3200: $? = 0
configure:3189: gcc -v >&5
Apple clang version 14.0.0 (clang-1400.0.29.202)
Target: arm64-apple-darwin21.5.0
Thread model: posix
InstalledDir: /Library/Developer/CommandLineTools/usr/bin
configure:3200: $? = 0
configure:3189: gcc -V >&5
clang: error: argument to '-V' is missing (expected 1 value)
clang: error: no input files
configure:3200: $? = 1
configure:3189: gcc -qversion >&5
clang: error: unknown argument '-qversion'; did you mean '--version'?
clang: error: no input files
configure:3200: $? = 1
configure:3204: checking whether we are using the GNU C compiler
configure:3223: gcc -c   conftest.c >&5
configure:3223: $? = 0
configure:3232: result: yes
configure:3241: checking whether gcc accepts -g
configure:3261: gcc -c -g  conftest.c >&5
configure:3261: $? = 0
configure:3302: result: yes
configure:3319: checking for gcc option to accept ISO C89
configure:3382: gcc  -c -g -O2  conftest.c >&5
configure:3382: $? = 0
configure:3395: result: none needed
configure:3421: checking how to run the C preprocessor
configure:3452: gcc -E  conftest.c
configure:3452: $? = 0
configure:3466: gcc -E  conftest.c
conftest.c:9:10: fatal error: 'ac_nonexistent.h' file not found
#include <ac_nonexistent.h>
         ^~~~~~~~~~~~~~~~~~
1 error generated.
configure:3466: $? = 1
configure: failed program was:
| /* confdefs.h */
| #define PACKAGE_NAME "RtAudio"
| #define PACKAGE_TARNAME "rtaudio"
| #define PACKAGE_VERSION "4.1"
| #define PACKAGE_STRING "RtAudio 4.1"
| #define PACKAGE_BUGREPORT "gary@music.mcgill.ca"
| #define PACKAGE_URL ""
| /* end confdefs.h.  */
| #include <ac_nonexistent.h>
configure:3491: result: gcc -E
configure:3511: gcc -E  conftest.c
configure:3511: $? = 0
configure:3525: gcc -E  conftest.c
conftest.c:9:10: fatal error: 'ac_nonexistent.h' file not found
#include <ac_nonexistent.h>
         ^~~~~~~~~~~~~~~~~~
1 error generated.
configure:3525: $? = 1
configure: failed program was:
| /* confdefs.h */
| #define PACKAGE_NAME "RtAudio"
| #define PACKAGE_TARNAME "rtaudio"
| #define PACKAGE_VERSION "4.1"
| #define PACKAGE_STRING "RtAudio 4.1"
| #define PACKAGE_BUGREPORT "gary@music.mcgill.ca"
| #define PACKAGE_URL ""
| /* end confdefs.h.  */
| #include <ac_nonexistent.h>
configure:3554: checking for grep that handles long lines and -e
configure:3612: result: /usr/bin/grep
configure:3617: checking for egrep
configure:3679: result: /usr/bin/grep -E
configure:3684: checking for ANSI C header files
configure:3704: gcc -c -g -O2  conftest.c >&5
configure:3704: $? = 0
configure:3777: gcc -o conftest -g -O2   conftest.c  >&5
configure:3777: $? = 0
configure:3777: ./conftest
configure:3777: $? = 0
configure:3788: result: yes
configure:3801: checking for sys/types.h
configure:3801: gcc -c -g -O2  conftest.c >&5
configure:3801: $? = 0
configure:3801: result: yes
configure:3801: checking for sys/stat.h
configure:3801: gcc -c -g -O2  conftest.c >&5
configure:3801: $? = 0
configure:3801: result: yes
configure:3801: checking for stdlib.h
configure:3801: gcc -c -g -O2  conftest.c >&5
configure:3801: $? = 0
configure:3801: result: yes
configure:3801: checking for string.h
configure:3801: gcc -c -g -O2  conftest.c >&5
configure:3801: $? = 0
configure:3801: result: yes
configure:3801: checking for memory.h
configure:3801: gcc -c -g -O2  conftest.c >&5
configure:3801: $? = 0
configure:3801: result: yes
configure:3801: checking for strings.h
configure:3801: gcc -c -g -O2  conftest.c >&5
configure:3801: $? = 0
configure:3801: result: yes
configure:3801: checking for inttypes.h
configure:3801: gcc -c -g -O2  conftest.c >&5
configure:3801: $? = 0
configure:3801: result: yes
configure:3801: checking for stdint.h
configure:3801: gcc -c -g -O2  conftest.c >&5
configure:3801: $? = 0
configure:3801: result: yes
configure:3801: checking for unistd.h
configure:3801: gcc -c -g -O2  conftest.c >&5
configure:3801: $? = 0
configure:3801: result: yes
configure:3816: checking sys/ioctl.h usability
configure:3816: gcc -c -g -O2  conftest.c >&5
configure:3816: $? = 0
configure:3816: result: yes
configure:3816: checking sys/ioctl.h presence
configure:3816: gcc -E  conftest.c
configure:3816: $? = 0
configure:3816: result: yes
configure:3816: checking for sys/ioctl.h
configure:3816: result: yes
configure:3816: checking for unistd.h
configure:3816: result: yes
configure:3828: checking whether to compile debug version
configure:3841: result: no
configure:3848: checking for gettimeofday
configure:3848: gcc -o conftest -g -O2   conftest.c  >&5
configure:3848: $? = 0
configure:3848: result: yes
configure:3879: checking build system type
configure:3893: result: arm-apple-darwin21.5.0
configure:3913: checking host system type
configure:3926: result: arm-apple-darwin21.5.0
configure:3968: checking for audio API
configure:4409: result: using CoreAudio
configure:4411: checking CoreAudio/CoreAudio.h usability
configure:4411: gcc -c -g -O2   -DHAVE_GETTIMEOFDAY conftest.c >&5
configure:4411: $? = 0
configure:4411: result: yes
configure:4411: checking CoreAudio/CoreAudio.h presence
configure:4411: gcc -E   -DHAVE_GETTIMEOFDAY conftest.c
configure:4411: $? = 0
configure:4411: result: yes
configure:4411: checking for CoreAudio/CoreAudio.h
configure:4411: result: yes
configure:4423: checking for pthread_create in -lpthread
configure:4448: gcc -o conftest -g -O2   -DHAVE_GETTIMEOFDAY  conftest.c -lpthread  -framework CoreAudio -framework CoreFoundation >&5
configure:4448: $? = 0
configure:4457: result: yes
configure:4679: creating ./config.status

## ---------------------- ##
## Running config.status. ##
## ---------------------- ##

This file was extended by RtAudio config.status 4.1, which was
generated by GNU Autoconf 2.69.  Invocation command line was

  CONFIG_FILES    = 
  CONFIG_HEADERS  = 
  CONFIG_LINKS    = 
  CONFIG_COMMANDS = 
  $ ./config.status 

on wificampus-035124.grenet.fr

config.status:749: creating rtaudio-config
config.status:749: creating librtaudio.pc
config.status:749: creating Makefile
config.status:749: creating tests/Makefile

## ---------------- ##
## Cache variables. ##
## ---------------- ##

ac_cv_build=arm-apple-darwin21.5.0
ac_cv_c_compiler_gnu=yes
ac_cv_cxx_compiler_gnu=yes
ac_cv_env_CCC_set=
ac_cv_env_CCC_value=
ac_cv_env_CC_set=
ac_cv_env_CC_value=
ac_cv_env_CFLAGS_set=
ac_cv_env_CFLAGS_value=
ac_cv_env_CPPFLAGS_set=
ac_cv_env_CPPFLAGS_value=
ac_cv_env_CPP_set=
ac_cv_env_CPP_value=
ac_cv_env_CXXFLAGS_set=
ac_cv_env_CXXFLAGS_value=
ac_cv_env_CXX_set=
ac_cv_env_CXX_value=
ac_cv_env_LDFLAGS_set=
ac_cv_env_LDFLAGS_value=
ac_cv_env_LIBS_set=
ac_cv_env_LIBS_value=
ac_cv_env_build_alias_set=
ac_cv_env_build_alias_value=
ac_cv_env_host_alias_set=
ac_cv_env_host_alias_value=
ac_cv_env_target_alias_set=
ac_cv_env_target_alias_value=
ac_cv_func_gettimeofday=yes
ac_cv_header_CoreAudio_CoreAudio_h=yes
ac_cv_header_inttypes_h=yes
ac_cv_header_memory_h=yes
ac_cv_header_stdc=yes
ac_cv_header_stdint_h=yes
ac_cv_header_stdlib_h=yes
ac_cv_header_string_h=yes
ac_cv_header_strings_h=yes
ac_cv_header_sys_ioctl_h=yes
ac_cv_header_sys_stat_h=yes
ac_cv_header_sys_types_h=yes
ac_cv_header_unistd_h=yes
ac_cv_host=arm-apple-darwin21.5.0
ac_cv_lib_pthread_pthread_create=yes
ac_cv_objext=o
ac_cv_path_AR=/usr/bin/ar
ac_cv_path_EGREP='/usr/bin/grep -E'
ac_cv_path_GREP=/usr/bin/grep
ac_cv_prog_CPP='gcc -E'
ac_cv_prog_ac_ct_CC=gcc
ac_cv_prog_ac_ct_CXX=g++
ac_cv_prog_ac_ct_RANLIB=ranlib
ac_cv_prog_cc_c89=
ac_cv_prog_cc_g=yes
ac_cv_prog_cxx_g=yes

## ----------------- ##
## Output variables. ##
## ----------------- ##

AR='/usr/bin/ar'
CC='gcc'
CFLAGS='-g -O2'
CPP='gcc -E'
CPPFLAGS='  -DHAVE_GETTIMEOFDAY -D__MACOSX_CORE__'
CXX='g++'
CXXFLAGS='-O2 -Wall -Wextra'
DEFS='-DPACKAGE_NAME=\"RtAudio\" -DPACKAGE_TARNAME=\"rtaudio\" -DPACKAGE_VERSION=\"4.1\" -DPACKAGE_STRING=\"RtAudio\ 4.1\" -DPACKAGE_BUGREPORT=\"gary@music.mcgill.ca\" -DPACKAGE_URL=\"\" -DSTDC_HEADERS=1 -DHAVE_SYS_TYPES_H=1 -DHAVE_SYS_STAT_H=1 -DHAVE_STDLIB_H=1 -DHAVE_STRING_H=1 -DHAVE_MEMORY_H=1 -DHAVE_STRINGS_H=1 -DHAVE_INTTYPES_H=1 -DHAVE_STDINT_H=1 -DHAVE_UNISTD_H=1 -DHAVE_SYS_IOCTL_H=1 -DHAVE_UNISTD_H=1 -DHAVE_LIBPTHREAD=1'
ECHO_C='\c'
ECHO_N=''
ECHO_T=''
EGREP='/usr/bin/grep -E'
EXEEXT=''
GREP='/usr/bin/grep'
GXX='yes'
LDFLAGS=''
LIBOBJS=''
LIBS='-lpthread -framework CoreAudio -framework CoreFoundation'
LTLIBOBJS=''
OBJEXT='o'
PACKAGE_BUGREPORT='gary@music.mcgill.ca'
PACKAGE_NAME='RtAudio'
PACKAGE_STRING='RtAudio 4.1'
PACKAGE_TARNAME='rtaudio'
PACKAGE_URL=''
PACKAGE_VERSION='4.1'
PATH_SEPARATOR=':'
RANLIB='ranlib'
SHELL='/bin/sh'
ac_ct_CC='gcc'
ac_ct_CXX='g++'
api='-D__MACOSX_CORE__'
bindir='${exec_prefix}/bin'
build='arm-apple-darwin21.5.0'
build_alias=''
build_cpu='arm'
build_os='darwin21.5.0'
build_vendor='apple'
cppflag=' -DHAVE_GETTIMEOFDAY'
cxxflag='-Wall -Wextra'
datadir='${datarootdir}'
datarootdir='${prefix}/share'
docdir='${datarootdir}/doc/${PACKAGE_TARNAME}'
dvidir='${docdir}'
exec_prefix='${prefix}'
host='arm-apple-darwin21.5.0'
host_alias=''
host_cpu='arm'
host_os='darwin21.5.0'
host_vendor='apple'
htmldir='${docdir}'
includedir='${prefix}/include'
infodir='${datarootdir}/info'
libdir='${exec_prefix}/lib'
libexecdir='${exec_prefix}/libexec'
libflags='-dynamiclib -o librtaudio.$(RELEASE).dylib'
localedir='${datarootdir}/locale'
localstatedir='${prefix}/var'
mandir='${datarootdir}/man'
object_path='Release'
objects=''
oldincludedir='/usr/include'
pdfdir='${docdir}'
prefix='/usr/local'
program_transform_name='s,x,x,'
psdir='${docdir}'
req=''
sbindir='${exec_prefix}/sbin'
sharedlib='librtaudio.dylib'
sharedname='librtaudio.$(RELEASE).dylib'
sharedstatedir='${prefix}/com'
sysconfdir='${prefix}/etc'
target_alias=''

## ----------- ##
## confdefs.h. ##
## ----------- ##

/* confdefs.h */
#define PACKAGE_NAME "RtAudio"
#define PACKAGE_TARNAME "rtaudio"
#define PACKAGE_VERSION "4.1"
#define PACKAGE_STRING "RtAudio 4.1"
#define PACKAGE_BUGREPORT "gary@music.mcgill.ca"
#define PACKAGE_URL ""
#define STDC_HEADERS 1
#define HAVE_SYS_TYPES_H 1
#define HAVE_SYS_STAT_H 1
#define HAVE_STDLIB_H 1
#define HAVE_STRING_H 1
#define HAVE_MEMORY_H 1
#define HAVE_STRINGS_H 1
#define HAVE_INTTYPES_H 1
#define HAVE_STDINT_H 1
#define HAVE_UNISTD_H 1
#define HAVE_SYS_IOCTL_H 1
#define HAVE_UNISTD_H 1
#define HAVE_LIBPTHREAD 1

configure: exit 0
